<?xml version="1.0" encoding="UTF-8"?>
<!-- Generated by org.testng.reporters.JUnitReportReporter -->
<testsuite hostname="svegile_0002" failures="0" tests="1"
	name="com.org.o2technologies.test.SearchCandidateTest" time="28.642"
	errors="0" timestamp="2024-08-30T20:01:27 IST" skipped="0">
	<testcase
		classname="com.org.o2technologies.test.SearchCandidateTest"
		name="searchCandidate" time="28.642" />
	<system-out />
</testsuite> <!-- com.org.o2technologies.test.SearchCandidateTest -->
