<?xml version="1.0" encoding="UTF-8"?>
<!-- Generated by org.testng.reporters.JUnitReportReporter -->
<testsuite hostname="svegile_0002" failures="0" tests="11"
	name="o2technologies_test.GlobalProfile_UI_DB_Test" time="29.790"
	errors="0" timestamp="2024-07-26T17:52:46 IST" skipped="0">
	<testcase
		classname="o2technologies_test.GlobalProfile_UI_DB_Test" name="login"
		time="13.773" />
	<system-out />
	<testcase
		classname="o2technologies_test.GlobalProfile_UI_DB_Test"
		name="addProfileWithGoogle" time="3.996" />
	<system-out />
	<testcase
		classname="o2technologies_test.GlobalProfile_UI_DB_Test"
		name="addProfileWithMobile" time="2.455" />
	<system-out />
	<testcase
		classname="o2technologies_test.GlobalProfile_UI_DB_Test"
		name="verifyProfileAdditionToDatabaseWithGoogle" time="0.825" />
	<system-out />
	<testcase
		classname="o2technologies_test.GlobalProfile_UI_DB_Test"
		name="verifyProfileUpdateInDatabase" time="1.091" />
	<system-out />
	<testcase
		classname="o2technologies_test.GlobalProfile_UI_DB_Test"
		name="verifyProfileDeletionFromDatabase" time="1.758" />
	<system-out />
	<testcase
		classname="o2technologies_test.GlobalProfile_UI_DB_Test"
		name="dateCreatedTest" time="4.070" />
	<system-out />
	<testcase
		classname="o2technologies_test.GlobalProfile_UI_DB_Test"
		name="verifyUIElements" time="0.761" />
	<system-out />
	<testcase
		classname="o2technologies_test.GlobalProfile_UI_DB_Test"
		name="searchVerification" time="0.512" />
	<system-out />
	<testcase
		classname="o2technologies_test.GlobalProfile_UI_DB_Test"
		name="company_URLS" time="0.150" />
	<system-out />
	<testcase
		classname="o2technologies_test.GlobalProfile_UI_DB_Test"
		name="pageNation" time="0.399" />
	<system-out />
</testsuite> <!-- o2technologies_test.GlobalProfile_UI_DB_Test -->
